[2019-04-30T11:12:16.348-0300] [glassfish 5.0] [INFO] [NCLS-LOGGING-00009] [javax.enterprise.logging] [tid: _ThreadID=17 _ThreadName=RunLevelControllerThread-1556633535955] [timeMillis: 1556633536348] [levelValue: 800] [[
  Running GlassFish Version: GlassFish Server Open Source Edition  5.0  (build 25)]]

[2019-04-30T11:12:16.351-0300] [glassfish 5.0] [INFO] [NCLS-LOGGING-00010] [javax.enterprise.logging] [tid: _ThreadID=17 _ThreadName=RunLevelControllerThread-1556633535955] [timeMillis: 1556633536351] [levelValue: 800] [[
  Server log file is using Formatter class: com.sun.enterprise.server.logging.ODLLogFormatter]]

[2019-04-30T11:12:16.516-0300] [glassfish 5.0] [INFO] [NCLS-SECURITY-01115] [javax.enterprise.system.core.security] [tid: _ThreadID=20 _ThreadName=RunLevelControllerThread-1556633535968] [timeMillis: 1556633536516] [levelValue: 800] [[
  Realm [admin-realm] of classtype [com.sun.enterprise.security.auth.realm.file.FileRealm] successfully created.]]

[2019-04-30T11:12:16.529-0300] [glassfish 5.0] [INFO] [NCLS-SECURITY-01115] [javax.enterprise.system.core.security] [tid: _ThreadID=20 _ThreadName=RunLevelControllerThread-1556633535968] [timeMillis: 1556633536529] [levelValue: 800] [[
  Realm [file] of classtype [com.sun.enterprise.security.auth.realm.file.FileRealm] successfully created.]]

[2019-04-30T11:12:16.532-0300] [glassfish 5.0] [INFO] [NCLS-SECURITY-01115] [javax.enterprise.system.core.security] [tid: _ThreadID=20 _ThreadName=RunLevelControllerThread-1556633535968] [timeMillis: 1556633536532] [levelValue: 800] [[
  Realm [certificate] of classtype [com.sun.enterprise.security.auth.realm.certificate.CertificateRealm] successfully created.]]

[2019-04-30T11:12:17.270-0300] [glassfish 5.0] [INFO] [] [org.glassfish.ha.store.spi.BackingStoreFactoryRegistry] [tid: _ThreadID=19 _ThreadName=RunLevelControllerThread-1556633535968] [timeMillis: 1556633537270] [levelValue: 800] [[
  Registered org.glassfish.ha.store.adapter.cache.ShoalBackingStoreProxy for persistence-type = replicated in BackingStoreFactoryRegistry]]

[2019-04-30T11:12:17.290-0300] [glassfish 5.0] [INFO] [SEC-SVCS-00100] [javax.enterprise.security.services] [tid: _ThreadID=17 _ThreadName=RunLevelControllerThread-1556633535955] [timeMillis: 1556633537290] [levelValue: 800] [[
  Authorization Service has successfully initialized.]]

[2019-04-30T11:12:17.324-0300] [glassfish 5.0] [INFO] [] [org.hibernate.validator.internal.util.Version] [tid: _ThreadID=17 _ThreadName=RunLevelControllerThread-1556633535955] [timeMillis: 1556633537324] [levelValue: 800] [[
  HV000001: Hibernate Validator 6.0.2.Final]]

[2019-04-30T11:12:17.478-0300] [glassfish 5.0] [INFO] [NCLS-CORE-00087] [javax.enterprise.system.core] [tid: _ThreadID=20 _ThreadName=RunLevelControllerThread-1556633535968] [timeMillis: 1556633537478] [levelValue: 800] [[
  Grizzly Framework 2.4.1 started in: 75ms - bound to [/0.0.0.0:8080]]]

[2019-04-30T11:12:17.517-0300] [glassfish 5.0] [INFO] [NCLS-CORE-00087] [javax.enterprise.system.core] [tid: _ThreadID=20 _ThreadName=RunLevelControllerThread-1556633535968] [timeMillis: 1556633537517] [levelValue: 800] [[
  Grizzly Framework 2.4.1 started in: 10ms - bound to [/0.0.0.0:8181]]]

[2019-04-30T11:12:17.541-0300] [glassfish 5.0] [INFO] [NCLS-CORE-00087] [javax.enterprise.system.core] [tid: _ThreadID=20 _ThreadName=RunLevelControllerThread-1556633535968] [timeMillis: 1556633537541] [levelValue: 800] [[
  Grizzly Framework 2.4.1 started in: 18ms - bound to [/0.0.0.0:4848]]]

[2019-04-30T11:12:17.630-0300] [glassfish 5.0] [INFO] [NCLS-CORE-00087] [javax.enterprise.system.core] [tid: _ThreadID=19 _ThreadName=RunLevelControllerThread-1556633535968] [timeMillis: 1556633537630] [levelValue: 800] [[
  Grizzly Framework 2.4.1 started in: 7ms - bound to [/0.0.0.0:3700]]]

[2019-04-30T11:12:17.805-0300] [glassfish 5.0] [INFO] [NCLS-CORE-00017] [javax.enterprise.system.core] [tid: _ThreadID=1 _ThreadName=main] [timeMillis: 1556633537805] [levelValue: 800] [[
  GlassFish Server Open Source Edition  5.0  (25) startup time : Felix (6.700ms), startup services(1.856ms), total(8.556ms)]]

[2019-04-30T11:12:18.051-0300] [glassfish 5.0] [INFO] [jts.startup_msg] [javax.enterprise.system.core.transaction.com.sun.jts.CosTransactions] [tid: _ThreadID=20 _ThreadName=RunLevelControllerThread-1556633535968] [timeMillis: 1556633538051] [levelValue: 800] [[
  JTS5014: Recoverable JTS instance, serverId = [100]]]

[2019-04-30T11:12:18.383-0300] [glassfish 5.0] [INFO] [NCLS-BOOTSTRAP-00027] [javax.enterprise.bootstrap] [tid: _ThreadID=1 _ThreadName=main] [timeMillis: 1556633538383] [levelValue: 800] [[
  Registered com.sun.enterprise.glassfish.bootstrap.osgi.EmbeddedOSGiGlassFishImpl@2d5ef498 as OSGi service registration: org.apache.felix.framework.ServiceRegistrationImpl@1f1e58ca.]]

[2019-04-30T11:12:18.842-0300] [glassfish 5.0] [INFO] [NCLS-JMX-00005] [javax.enterprise.system.jmx] [tid: _ThreadID=65 _ThreadName=Thread-16] [timeMillis: 1556633538842] [levelValue: 800] [[
  JMXStartupService has started JMXConnector on JMXService URL service:jmx:rmi://Lapa11.academico.cotuca.unicamp.br:8686/jndi/rmi://Lapa11.academico.cotuca.unicamp.br:8686/jmxrmi]]

[2019-04-30T11:12:19.570-0300] [glassfish 5.0] [INFO] [NCLS-CORE-00087] [javax.enterprise.system.core] [tid: _ThreadID=58 _ThreadName=pool-13-thread-1] [timeMillis: 1556633539570] [levelValue: 800] [[
  Grizzly Framework 2.4.1 started in: 10ms - bound to [/0.0.0.0:8181]]]

[2019-04-30T11:12:19.762-0300] [glassfish 5.0] [INFO] [NCLS-CORE-00087] [javax.enterprise.system.core] [tid: _ThreadID=56 _ThreadName=pool-11-thread-1] [timeMillis: 1556633539762] [levelValue: 800] [[
  Grizzly Framework 2.4.1 started in: 14ms - bound to [/0.0.0.0:8080]]]

[2019-04-30T11:12:21.536-0300] [glassfish 5.0] [INFO] [] [javax.enterprise.system.tools.deployment.common] [tid: _ThreadID=42 _ThreadName=admin-listener(1)] [timeMillis: 1556633541536] [levelValue: 800] [[
  visiting unvisited references]]

[2019-04-30T11:12:22.343-0300] [glassfish 5.0] [SEVERE] [NCLS-SECURITY-05054] [javax.enterprise.system.security.ssl] [tid: _ThreadID=42 _ThreadName=admin-listener(1)] [timeMillis: 1556633542343] [levelValue: 1000] [[
  The SSL certificate has expired: [
[
  Version: V3
  Subject: OU=Equifax Secure Certificate Authority, O=Equifax, C=US
  Signature Algorithm: SHA1withRSA, OID = 1.2.840.113549.1.1.5

  Key:  Sun RSA public key, 1024 bits
  modulus: 135786214035069526348186531221551781468391756233528066061569654028671100866720352830303278016129003918213826297308054231261658522889438712013757624116391437358730449661353175673177742307421061340003741057138887918110217006515773038453829253517076741780039735595086881329494037450587568122088113584549069375417
  public exponent: 65537
  Validity: [From: Sat Aug 22 13:41:51 BRT 1998,
               To: Wed Aug 22 13:41:51 BRT 2018]
  Issuer: OU=Equifax Secure Certificate Authority, O=Equifax, C=US
  SerialNumber: [    35def4cf]

Certificate Extensions: 7
[1]: ObjectId: 1.2.840.113533.7.65.0 Criticality=false
Extension unknown: DER encoded OCTET string =
0000: 04 0D 30 0B 1B 05 56 33   2E 30 63 03 02 06 C0     ..0...V3.0c....


[2]: ObjectId: 2.5.29.35 Criticality=false
AuthorityKeyIdentifier [
KeyIdentifier [
0000: 48 E6 68 F9 2B D2 B2 95   D7 47 D8 23 20 10 4F 33  H.h.+....G.# .O3
0010: 98 90 9F D4                                        ....
]
]

[3]: ObjectId: 2.5.29.19 Criticality=false
BasicConstraints:[
  CA:true
  PathLen:2147483647
]

[4]: ObjectId: 2.5.29.31 Criticality=false
CRLDistributionPoints [
  [DistributionPoint:
     [CN=CRL1, OU=Equifax Secure Certificate Authority, O=Equifax, C=US]
]]

[5]: ObjectId: 2.5.29.15 Criticality=false
KeyUsage [
  Key_CertSign
  Crl_Sign
]

[6]: ObjectId: 2.5.29.16 Criticality=false
PrivateKeyUsage: [
To: Wed Aug 22 13:41:51 BRT 2018]

[7]: ObjectId: 2.5.29.14 Criticality=false
SubjectKeyIdentifier [
KeyIdentifier [
0000: 48 E6 68 F9 2B D2 B2 95   D7 47 D8 23 20 10 4F 33  H.h.+....G.# .O3
0010: 98 90 9F D4                                        ....
]
]

]
  Algorithm: [SHA1withRSA]
  Signature:
0000: 58 CE 29 EA FC F7 DE B5   CE 02 B9 17 B5 85 D1 B9  X.).............
0010: E3 E0 95 CC 25 31 0D 00   A6 92 6E 7F B6 92 63 9E  ....%1....n...c.
0020: 50 95 D1 9A 6F E4 11 DE   63 85 6E 98 EE A8 FF 5A  P...o...c.n....Z
0030: C8 D3 55 B2 66 71 57 DE   C0 21 EB 3D 2A A7 23 49  ..U.fqW..!.=*.#I
0040: 01 04 86 42 7B FC EE 7F   A2 16 52 B5 67 67 D3 40  ...B......R.gg.@
0050: DB 3B 26 58 B2 28 77 3D   AE 14 77 61 D6 FA 2A 66  .;&X.(w=..wa..*f
0060: 27 A0 0D FA A7 73 5C EA   70 F1 94 21 65 44 5F FA  '....s\.p..!eD_.
0070: FC EF 29 68 A9 A2 87 79   EF 79 EF 4F AC 07 77 38  ..)h...y.y.O..w8

]]]

[2019-04-30T11:12:22.359-0300] [glassfish 5.0] [SEVERE] [NCLS-SECURITY-05054] [javax.enterprise.system.security.ssl] [tid: _ThreadID=42 _ThreadName=admin-listener(1)] [timeMillis: 1556633542359] [levelValue: 1000] [[
  The SSL certificate has expired: [
[
  Version: V1
  Subject: CN=GTE CyberTrust Global Root, OU="GTE CyberTrust Solutions, Inc.", O=GTE Corporation, C=US
  Signature Algorithm: MD5withRSA, OID = 1.2.840.113549.1.1.4

  Key:  Sun RSA public key, 1024 bits
  modulus: 104674226241368487598835828377585222181792546532354327780214427055917513664449991602803276678454577364904540367827644455215731003386468752240014232146814457308076052176227490263634768927290191763858631579785604655038492469791381988347440106477066514204303723029602991655085187937840556671697442212352844587673
  public exponent: 65537
  Validity: [From: Wed Aug 12 21:29:00 BRT 1998,
               To: Mon Aug 13 20:59:00 BRT 2018]
  Issuer: CN=GTE CyberTrust Global Root, OU="GTE CyberTrust Solutions, Inc.", O=GTE Corporation, C=US
  SerialNumber: [    01a5]

]
  Algorithm: [MD5withRSA]
  Signature:
0000: 6D EB 1B 09 E9 5E D9 51   DB 67 22 61 A4 2A 3C 48  m....^.Q.g"a.*<H
0010: 77 E3 A0 7C A6 DE 73 A2   14 03 85 3D FB AB 0E 30  w.....s....=...0
0020: C5 83 16 33 81 13 08 9E   7B 34 4E DF 40 C8 74 D7  ...3.....4N.@.t.
0030: B9 7D DC F4 76 55 7D 9B   63 54 18 E9 F0 EA F3 5C  ....vU..cT.....\
0040: B1 D9 8B 42 1E B9 C0 95   4E BA FA D5 E2 7C F5 68  ...B....N......h
0050: 61 BF 8E EC 05 97 5F 5B   B0 D7 A3 85 34 C4 24 A7  a....._[....4.$.
0060: 0D 0F 95 93 EF CB 94 D8   9E 1F 9D 5C 85 6D C7 AA  ...........\.m..
0070: AE 4F 1F 22 B5 CD 95 AD   BA A7 CC F9 AB 0B 7A 7F  .O."..........z.

]]]

[2019-04-30T11:12:22.369-0300] [glassfish 5.0] [INFO] [NCLS-SECURITY-01002] [javax.enterprise.system.core.security] [tid: _ThreadID=42 _ThreadName=admin-listener(1)] [timeMillis: 1556633542369] [levelValue: 800] [[
  Java security manager is disabled.]]

[2019-04-30T11:12:22.369-0300] [glassfish 5.0] [INFO] [NCLS-SECURITY-01010] [javax.enterprise.system.core.security] [tid: _ThreadID=42 _ThreadName=admin-listener(1)] [timeMillis: 1556633542369] [levelValue: 800] [[
  Entering Security Startup Service.]]

[2019-04-30T11:12:22.373-0300] [glassfish 5.0] [INFO] [NCLS-SECURITY-01143] [javax.enterprise.system.core.security] [tid: _ThreadID=42 _ThreadName=admin-listener(1)] [timeMillis: 1556633542373] [levelValue: 800] [[
  Loading policy provider com.sun.enterprise.security.provider.PolicyWrapper.]]

[2019-04-30T11:12:22.406-0300] [glassfish 5.0] [INFO] [NCLS-SECURITY-01011] [javax.enterprise.system.core.security] [tid: _ThreadID=42 _ThreadName=admin-listener(1)] [timeMillis: 1556633542406] [levelValue: 800] [[
  Security Service(s) started successfully.]]

[2019-04-30T11:12:22.567-0300] [glassfish 5.0] [INFO] [AS-WEB-GLUE-00198] [javax.enterprise.web] [tid: _ThreadID=42 _ThreadName=admin-listener(1)] [timeMillis: 1556633542567] [levelValue: 800] [[
  Created HTTP listener http-listener-1 on host/port 0.0.0.0:8080]]

[2019-04-30T11:12:22.572-0300] [glassfish 5.0] [INFO] [AS-WEB-GLUE-00198] [javax.enterprise.web] [tid: _ThreadID=42 _ThreadName=admin-listener(1)] [timeMillis: 1556633542572] [levelValue: 800] [[
  Created HTTP listener http-listener-2 on host/port 0.0.0.0:8181]]

[2019-04-30T11:12:22.574-0300] [glassfish 5.0] [INFO] [AS-WEB-GLUE-00198] [javax.enterprise.web] [tid: _ThreadID=42 _ThreadName=admin-listener(1)] [timeMillis: 1556633542574] [levelValue: 800] [[
  Created HTTP listener admin-listener on host/port 0.0.0.0:4848]]

[2019-04-30T11:12:22.591-0300] [glassfish 5.0] [INFO] [AS-WEB-GLUE-00200] [javax.enterprise.web] [tid: _ThreadID=42 _ThreadName=admin-listener(1)] [timeMillis: 1556633542591] [levelValue: 800] [[
  Created virtual server server]]

[2019-04-30T11:12:22.594-0300] [glassfish 5.0] [INFO] [AS-WEB-GLUE-00200] [javax.enterprise.web] [tid: _ThreadID=42 _ThreadName=admin-listener(1)] [timeMillis: 1556633542594] [levelValue: 800] [[
  Created virtual server __asadmin]]

[2019-04-30T11:12:22.774-0300] [glassfish 5.0] [INFO] [AS-WEB-CORE-00306] [javax.enterprise.web.core] [tid: _ThreadID=42 _ThreadName=admin-listener(1)] [timeMillis: 1556633542774] [levelValue: 800] [[
  Setting JAAS app name glassfish-web]]

[2019-04-30T11:12:22.775-0300] [glassfish 5.0] [INFO] [AS-WEB-GLUE-00201] [javax.enterprise.web] [tid: _ThreadID=42 _ThreadName=admin-listener(1)] [timeMillis: 1556633542775] [levelValue: 800] [[
  Virtual server server loaded default web module ]]

[2019-04-30T11:12:23.067-0300] [glassfish 5.0] [INFO] [] [javax.enterprise.system.tools.deployment.common] [tid: _ThreadID=42 _ThreadName=admin-listener(1)] [timeMillis: 1556633543067] [levelValue: 800] [[
  visiting unvisited references]]

[2019-04-30T11:12:23.096-0300] [glassfish 5.0] [INFO] [] [javax.enterprise.system.tools.deployment.common] [tid: _ThreadID=42 _ThreadName=admin-listener(1)] [timeMillis: 1556633543096] [levelValue: 800] [[
  visiting unvisited references]]

[2019-04-30T11:12:23.097-0300] [glassfish 5.0] [INFO] [] [javax.enterprise.system.tools.deployment.common] [tid: _ThreadID=42 _ThreadName=admin-listener(1)] [timeMillis: 1556633543097] [levelValue: 800] [[
  visiting unvisited references]]

[2019-04-30T11:12:23.338-0300] [glassfish 5.0] [WARNING] [] [javax.enterprise.web.util] [tid: _ThreadID=42 _ThreadName=admin-listener(1)] [timeMillis: 1556633543338] [levelValue: 900] [[
  The web application [unknown] registered the JDBC driver [com.microsoft.sqlserver.jdbc.SQLServerDriver] but failed to unregister it when the web application was stopped. To prevent a memory leak, the JDBC Driver has been forcibly unregistered.]]

[2019-04-30T11:12:24.394-0300] [glassfish 5.0] [INFO] [AS-WEB-GLUE-00172] [javax.enterprise.web] [tid: _ThreadID=42 _ThreadName=admin-listener(1)] [timeMillis: 1556633544394] [levelValue: 800] [[
  Loading application [projetoCRUD] at [/projetoCRUD]]]

[2019-04-30T11:12:24.480-0300] [glassfish 5.0] [INFO] [] [javax.enterprise.system.core] [tid: _ThreadID=42 _ThreadName=admin-listener(1)] [timeMillis: 1556633544480] [levelValue: 800] [[
  projetoCRUD was successfully deployed in 3.405 milliseconds.]]

[2019-04-30T11:21:47.517-0300] [glassfish 5.0] [WARNING] [] [javax.enterprise.web.util] [tid: _ThreadID=45 _ThreadName=admin-listener(4)] [timeMillis: 1556634107517] [levelValue: 900] [[
  The web application [/projetoCRUD] registered the JDBC driver [com.microsoft.sqlserver.jdbc.SQLServerDriver] but failed to unregister it when the web application was stopped. To prevent a memory leak, the JDBC Driver has been forcibly unregistered.]]

[2019-04-30T11:21:47.518-0300] [glassfish 5.0] [SEVERE] [] [javax.enterprise.web.util] [tid: _ThreadID=45 _ThreadName=admin-listener(4)] [timeMillis: 1556634107518] [levelValue: 1000] [[
  The web application [/projetoCRUD] created a ThreadLocal with key of type [com.microsoft.sqlserver.jdbc.ActivityCorrelator$1] (value [com.microsoft.sqlserver.jdbc.ActivityCorrelator$1@a0b51b2]) and a value of type [com.microsoft.sqlserver.jdbc.ActivityId] (value [181e52a1-26f3-41e6-8063-04599a698f66-1]) but failed to remove it when the web application was stopped. Threads are going to be renewed over time to try and avoid a probable memory leak.]]

[2019-04-30T11:21:47.641-0300] [glassfish 5.0] [INFO] [] [javax.enterprise.system.tools.deployment.common] [tid: _ThreadID=45 _ThreadName=admin-listener(4)] [timeMillis: 1556634107641] [levelValue: 800] [[
  visiting unvisited references]]

[2019-04-30T11:21:47.676-0300] [glassfish 5.0] [INFO] [] [javax.enterprise.system.tools.deployment.common] [tid: _ThreadID=45 _ThreadName=admin-listener(4)] [timeMillis: 1556634107676] [levelValue: 800] [[
  visiting unvisited references]]

[2019-04-30T11:21:47.681-0300] [glassfish 5.0] [INFO] [] [javax.enterprise.system.tools.deployment.common] [tid: _ThreadID=45 _ThreadName=admin-listener(4)] [timeMillis: 1556634107681] [levelValue: 800] [[
  visiting unvisited references]]

[2019-04-30T11:21:47.682-0300] [glassfish 5.0] [INFO] [] [javax.enterprise.system.tools.deployment.common] [tid: _ThreadID=45 _ThreadName=admin-listener(4)] [timeMillis: 1556634107682] [levelValue: 800] [[
  visiting unvisited references]]

[2019-04-30T11:21:47.851-0300] [glassfish 5.0] [INFO] [AS-WEB-GLUE-00172] [javax.enterprise.web] [tid: _ThreadID=45 _ThreadName=admin-listener(4)] [timeMillis: 1556634107851] [levelValue: 800] [[
  Loading application [projetoCRUD] at [/projetoCRUD]]]

[2019-04-30T11:21:47.862-0300] [glassfish 5.0] [INFO] [] [javax.enterprise.system.core] [tid: _ThreadID=45 _ThreadName=admin-listener(4)] [timeMillis: 1556634107862] [levelValue: 800] [[
  projetoCRUD was successfully deployed in 401 milliseconds.]]

[2019-04-30T11:29:32.794-0300] [glassfish 5.0] [WARNING] [] [javax.enterprise.web.util] [tid: _ThreadID=44 _ThreadName=admin-listener(3)] [timeMillis: 1556634572794] [levelValue: 900] [[
  The web application [/projetoCRUD] registered the JDBC driver [com.microsoft.sqlserver.jdbc.SQLServerDriver] but failed to unregister it when the web application was stopped. To prevent a memory leak, the JDBC Driver has been forcibly unregistered.]]

[2019-04-30T11:29:32.795-0300] [glassfish 5.0] [SEVERE] [] [javax.enterprise.web.util] [tid: _ThreadID=44 _ThreadName=admin-listener(3)] [timeMillis: 1556634572795] [levelValue: 1000] [[
  The web application [/projetoCRUD] created a ThreadLocal with key of type [com.microsoft.sqlserver.jdbc.ActivityCorrelator$1] (value [com.microsoft.sqlserver.jdbc.ActivityCorrelator$1@515f429b]) and a value of type [com.microsoft.sqlserver.jdbc.ActivityId] (value [72845bee-bd98-46f9-9d04-be0f60d8fbb1-1]) but failed to remove it when the web application was stopped. Threads are going to be renewed over time to try and avoid a probable memory leak.]]

[2019-04-30T11:29:32.914-0300] [glassfish 5.0] [INFO] [] [javax.enterprise.system.tools.deployment.common] [tid: _ThreadID=44 _ThreadName=admin-listener(3)] [timeMillis: 1556634572914] [levelValue: 800] [[
  visiting unvisited references]]

[2019-04-30T11:29:32.949-0300] [glassfish 5.0] [INFO] [] [javax.enterprise.system.tools.deployment.common] [tid: _ThreadID=44 _ThreadName=admin-listener(3)] [timeMillis: 1556634572949] [levelValue: 800] [[
  visiting unvisited references]]

[2019-04-30T11:29:32.954-0300] [glassfish 5.0] [INFO] [] [javax.enterprise.system.tools.deployment.common] [tid: _ThreadID=44 _ThreadName=admin-listener(3)] [timeMillis: 1556634572954] [levelValue: 800] [[
  visiting unvisited references]]

[2019-04-30T11:29:32.955-0300] [glassfish 5.0] [INFO] [] [javax.enterprise.system.tools.deployment.common] [tid: _ThreadID=44 _ThreadName=admin-listener(3)] [timeMillis: 1556634572955] [levelValue: 800] [[
  visiting unvisited references]]

[2019-04-30T11:29:33.114-0300] [glassfish 5.0] [INFO] [AS-WEB-GLUE-00172] [javax.enterprise.web] [tid: _ThreadID=44 _ThreadName=admin-listener(3)] [timeMillis: 1556634573114] [levelValue: 800] [[
  Loading application [projetoCRUD] at [/projetoCRUD]]]

[2019-04-30T11:29:33.125-0300] [glassfish 5.0] [INFO] [] [javax.enterprise.system.core] [tid: _ThreadID=44 _ThreadName=admin-listener(3)] [timeMillis: 1556634573125] [levelValue: 800] [[
  projetoCRUD was successfully deployed in 360 milliseconds.]]

[2019-04-30T11:29:37.578-0300] [glassfish 5.0] [INFO] [] [javax.enterprise.system.tools.deployment.common] [tid: _ThreadID=45 _ThreadName=admin-listener(4)] [timeMillis: 1556634577578] [levelValue: 800] [[
  visiting unvisited references]]

[2019-04-30T11:29:37.605-0300] [glassfish 5.0] [INFO] [] [javax.enterprise.system.tools.deployment.common] [tid: _ThreadID=45 _ThreadName=admin-listener(4)] [timeMillis: 1556634577605] [levelValue: 800] [[
  visiting unvisited references]]

[2019-04-30T11:29:37.611-0300] [glassfish 5.0] [INFO] [] [javax.enterprise.system.tools.deployment.common] [tid: _ThreadID=45 _ThreadName=admin-listener(4)] [timeMillis: 1556634577611] [levelValue: 800] [[
  visiting unvisited references]]

[2019-04-30T11:29:37.612-0300] [glassfish 5.0] [INFO] [] [javax.enterprise.system.tools.deployment.common] [tid: _ThreadID=45 _ThreadName=admin-listener(4)] [timeMillis: 1556634577612] [levelValue: 800] [[
  visiting unvisited references]]

[2019-04-30T11:29:37.762-0300] [glassfish 5.0] [INFO] [AS-WEB-GLUE-00172] [javax.enterprise.web] [tid: _ThreadID=45 _ThreadName=admin-listener(4)] [timeMillis: 1556634577762] [levelValue: 800] [[
  Loading application [projetoCRUD] at [/projetoCRUD]]]

[2019-04-30T11:29:37.769-0300] [glassfish 5.0] [INFO] [] [javax.enterprise.system.core] [tid: _ThreadID=45 _ThreadName=admin-listener(4)] [timeMillis: 1556634577769] [levelValue: 800] [[
  projetoCRUD was successfully deployed in 331 milliseconds.]]

[2019-04-30T11:29:48.289-0300] [glassfish 5.0] [INFO] [] [javax.enterprise.system.tools.deployment.common] [tid: _ThreadID=45 _ThreadName=admin-listener(4)] [timeMillis: 1556634588289] [levelValue: 800] [[
  visiting unvisited references]]

[2019-04-30T11:29:48.314-0300] [glassfish 5.0] [INFO] [] [javax.enterprise.system.tools.deployment.common] [tid: _ThreadID=45 _ThreadName=admin-listener(4)] [timeMillis: 1556634588314] [levelValue: 800] [[
  visiting unvisited references]]

[2019-04-30T11:29:48.319-0300] [glassfish 5.0] [INFO] [] [javax.enterprise.system.tools.deployment.common] [tid: _ThreadID=45 _ThreadName=admin-listener(4)] [timeMillis: 1556634588319] [levelValue: 800] [[
  visiting unvisited references]]

[2019-04-30T11:29:48.319-0300] [glassfish 5.0] [INFO] [] [javax.enterprise.system.tools.deployment.common] [tid: _ThreadID=45 _ThreadName=admin-listener(4)] [timeMillis: 1556634588319] [levelValue: 800] [[
  visiting unvisited references]]

[2019-04-30T11:29:48.456-0300] [glassfish 5.0] [INFO] [AS-WEB-GLUE-00172] [javax.enterprise.web] [tid: _ThreadID=45 _ThreadName=admin-listener(4)] [timeMillis: 1556634588456] [levelValue: 800] [[
  Loading application [projetoCRUD] at [/projetoCRUD]]]

[2019-04-30T11:29:48.466-0300] [glassfish 5.0] [INFO] [] [javax.enterprise.system.core] [tid: _ThreadID=45 _ThreadName=admin-listener(4)] [timeMillis: 1556634588466] [levelValue: 800] [[
  projetoCRUD was successfully deployed in 286 milliseconds.]]

[2019-04-30T11:30:49.392-0300] [glassfish 5.0] [INFO] [] [javax.enterprise.system.tools.deployment.common] [tid: _ThreadID=43 _ThreadName=admin-listener(2)] [timeMillis: 1556634649392] [levelValue: 800] [[
  visiting unvisited references]]

[2019-04-30T11:30:49.415-0300] [glassfish 5.0] [INFO] [] [javax.enterprise.system.tools.deployment.common] [tid: _ThreadID=43 _ThreadName=admin-listener(2)] [timeMillis: 1556634649415] [levelValue: 800] [[
  visiting unvisited references]]

[2019-04-30T11:30:49.420-0300] [glassfish 5.0] [INFO] [] [javax.enterprise.system.tools.deployment.common] [tid: _ThreadID=43 _ThreadName=admin-listener(2)] [timeMillis: 1556634649420] [levelValue: 800] [[
  visiting unvisited references]]

[2019-04-30T11:30:49.421-0300] [glassfish 5.0] [INFO] [] [javax.enterprise.system.tools.deployment.common] [tid: _ThreadID=43 _ThreadName=admin-listener(2)] [timeMillis: 1556634649421] [levelValue: 800] [[
  visiting unvisited references]]

[2019-04-30T11:30:49.572-0300] [glassfish 5.0] [INFO] [AS-WEB-GLUE-00172] [javax.enterprise.web] [tid: _ThreadID=43 _ThreadName=admin-listener(2)] [timeMillis: 1556634649572] [levelValue: 800] [[
  Loading application [projetoCRUD] at [/projetoCRUD]]]

[2019-04-30T11:30:49.582-0300] [glassfish 5.0] [INFO] [] [javax.enterprise.system.core] [tid: _ThreadID=43 _ThreadName=admin-listener(2)] [timeMillis: 1556634649582] [levelValue: 800] [[
  projetoCRUD was successfully deployed in 311 milliseconds.]]

[2019-04-30T11:56:33.897-0300] [glassfish 5.0] [WARNING] [] [javax.enterprise.web.util] [tid: _ThreadID=42 _ThreadName=admin-listener(1)] [timeMillis: 1556636193897] [levelValue: 900] [[
  The web application [/projetoCRUD] registered the JDBC driver [com.microsoft.sqlserver.jdbc.SQLServerDriver] but failed to unregister it when the web application was stopped. To prevent a memory leak, the JDBC Driver has been forcibly unregistered.]]

[2019-04-30T11:56:33.898-0300] [glassfish 5.0] [SEVERE] [] [javax.enterprise.web.util] [tid: _ThreadID=42 _ThreadName=admin-listener(1)] [timeMillis: 1556636193898] [levelValue: 1000] [[
  The web application [/projetoCRUD] created a ThreadLocal with key of type [com.microsoft.sqlserver.jdbc.ActivityCorrelator$1] (value [com.microsoft.sqlserver.jdbc.ActivityCorrelator$1@23c193f5]) and a value of type [com.microsoft.sqlserver.jdbc.ActivityId] (value [115a3165-9545-4153-a9c5-93df5f457df2-1]) but failed to remove it when the web application was stopped. Threads are going to be renewed over time to try and avoid a probable memory leak.]]

[2019-04-30T11:56:34.013-0300] [glassfish 5.0] [INFO] [] [javax.enterprise.system.tools.deployment.common] [tid: _ThreadID=42 _ThreadName=admin-listener(1)] [timeMillis: 1556636194013] [levelValue: 800] [[
  visiting unvisited references]]

[2019-04-30T11:56:34.035-0300] [glassfish 5.0] [INFO] [] [javax.enterprise.system.tools.deployment.common] [tid: _ThreadID=42 _ThreadName=admin-listener(1)] [timeMillis: 1556636194035] [levelValue: 800] [[
  visiting unvisited references]]

[2019-04-30T11:56:34.039-0300] [glassfish 5.0] [INFO] [] [javax.enterprise.system.tools.deployment.common] [tid: _ThreadID=42 _ThreadName=admin-listener(1)] [timeMillis: 1556636194039] [levelValue: 800] [[
  visiting unvisited references]]

[2019-04-30T11:56:34.040-0300] [glassfish 5.0] [INFO] [] [javax.enterprise.system.tools.deployment.common] [tid: _ThreadID=42 _ThreadName=admin-listener(1)] [timeMillis: 1556636194040] [levelValue: 800] [[
  visiting unvisited references]]

[2019-04-30T11:56:34.170-0300] [glassfish 5.0] [INFO] [AS-WEB-GLUE-00172] [javax.enterprise.web] [tid: _ThreadID=42 _ThreadName=admin-listener(1)] [timeMillis: 1556636194170] [levelValue: 800] [[
  Loading application [projetoCRUD] at [/projetoCRUD]]]

[2019-04-30T11:56:34.179-0300] [glassfish 5.0] [INFO] [] [javax.enterprise.system.core] [tid: _ThreadID=42 _ThreadName=admin-listener(1)] [timeMillis: 1556636194179] [levelValue: 800] [[
  projetoCRUD was successfully deployed in 309 milliseconds.]]

[2019-04-30T12:00:41.970-0300] [glassfish 5.0] [WARNING] [] [javax.enterprise.web.util] [tid: _ThreadID=46 _ThreadName=admin-listener(5)] [timeMillis: 1556636441970] [levelValue: 900] [[
  The web application [/projetoCRUD] registered the JDBC driver [com.microsoft.sqlserver.jdbc.SQLServerDriver] but failed to unregister it when the web application was stopped. To prevent a memory leak, the JDBC Driver has been forcibly unregistered.]]

[2019-04-30T12:00:41.972-0300] [glassfish 5.0] [SEVERE] [] [javax.enterprise.web.util] [tid: _ThreadID=46 _ThreadName=admin-listener(5)] [timeMillis: 1556636441972] [levelValue: 1000] [[
  The web application [/projetoCRUD] created a ThreadLocal with key of type [com.microsoft.sqlserver.jdbc.ActivityCorrelator$1] (value [com.microsoft.sqlserver.jdbc.ActivityCorrelator$1@23c6636c]) and a value of type [com.microsoft.sqlserver.jdbc.ActivityId] (value [8cac0213-665a-4699-8127-4bbd99858d91-1]) but failed to remove it when the web application was stopped. Threads are going to be renewed over time to try and avoid a probable memory leak.]]

[2019-04-30T12:00:42.073-0300] [glassfish 5.0] [INFO] [] [javax.enterprise.system.tools.deployment.common] [tid: _ThreadID=46 _ThreadName=admin-listener(5)] [timeMillis: 1556636442073] [levelValue: 800] [[
  visiting unvisited references]]

[2019-04-30T12:00:42.096-0300] [glassfish 5.0] [INFO] [] [javax.enterprise.system.tools.deployment.common] [tid: _ThreadID=46 _ThreadName=admin-listener(5)] [timeMillis: 1556636442096] [levelValue: 800] [[
  visiting unvisited references]]

[2019-04-30T12:00:42.100-0300] [glassfish 5.0] [INFO] [] [javax.enterprise.system.tools.deployment.common] [tid: _ThreadID=46 _ThreadName=admin-listener(5)] [timeMillis: 1556636442100] [levelValue: 800] [[
  visiting unvisited references]]

[2019-04-30T12:00:42.101-0300] [glassfish 5.0] [INFO] [] [javax.enterprise.system.tools.deployment.common] [tid: _ThreadID=46 _ThreadName=admin-listener(5)] [timeMillis: 1556636442101] [levelValue: 800] [[
  visiting unvisited references]]

[2019-04-30T12:00:42.233-0300] [glassfish 5.0] [INFO] [AS-WEB-GLUE-00172] [javax.enterprise.web] [tid: _ThreadID=46 _ThreadName=admin-listener(5)] [timeMillis: 1556636442233] [levelValue: 800] [[
  Loading application [projetoCRUD] at [/projetoCRUD]]]

[2019-04-30T12:00:42.243-0300] [glassfish 5.0] [INFO] [] [javax.enterprise.system.core] [tid: _ThreadID=46 _ThreadName=admin-listener(5)] [timeMillis: 1556636442243] [levelValue: 800] [[
  projetoCRUD was successfully deployed in 298 milliseconds.]]

[2019-04-30T12:06:22.623-0300] [glassfish 5.0] [WARNING] [] [javax.enterprise.web.util] [tid: _ThreadID=44 _ThreadName=admin-listener(3)] [timeMillis: 1556636782623] [levelValue: 900] [[
  The web application [/projetoCRUD] registered the JDBC driver [com.microsoft.sqlserver.jdbc.SQLServerDriver] but failed to unregister it when the web application was stopped. To prevent a memory leak, the JDBC Driver has been forcibly unregistered.]]

[2019-04-30T12:06:22.624-0300] [glassfish 5.0] [SEVERE] [] [javax.enterprise.web.util] [tid: _ThreadID=44 _ThreadName=admin-listener(3)] [timeMillis: 1556636782624] [levelValue: 1000] [[
  The web application [/projetoCRUD] created a ThreadLocal with key of type [com.microsoft.sqlserver.jdbc.ActivityCorrelator$1] (value [com.microsoft.sqlserver.jdbc.ActivityCorrelator$1@419ce15e]) and a value of type [com.microsoft.sqlserver.jdbc.ActivityId] (value [fb1aed1b-29b7-40b0-8f32-99e601c939c2-1]) but failed to remove it when the web application was stopped. Threads are going to be renewed over time to try and avoid a probable memory leak.]]

[2019-04-30T12:06:22.720-0300] [glassfish 5.0] [INFO] [] [javax.enterprise.system.tools.deployment.common] [tid: _ThreadID=44 _ThreadName=admin-listener(3)] [timeMillis: 1556636782720] [levelValue: 800] [[
  visiting unvisited references]]

[2019-04-30T12:06:22.739-0300] [glassfish 5.0] [INFO] [] [javax.enterprise.system.tools.deployment.common] [tid: _ThreadID=44 _ThreadName=admin-listener(3)] [timeMillis: 1556636782739] [levelValue: 800] [[
  visiting unvisited references]]

[2019-04-30T12:06:22.744-0300] [glassfish 5.0] [INFO] [] [javax.enterprise.system.tools.deployment.common] [tid: _ThreadID=44 _ThreadName=admin-listener(3)] [timeMillis: 1556636782744] [levelValue: 800] [[
  visiting unvisited references]]

[2019-04-30T12:06:22.745-0300] [glassfish 5.0] [INFO] [] [javax.enterprise.system.tools.deployment.common] [tid: _ThreadID=44 _ThreadName=admin-listener(3)] [timeMillis: 1556636782745] [levelValue: 800] [[
  visiting unvisited references]]

[2019-04-30T12:06:22.864-0300] [glassfish 5.0] [INFO] [AS-WEB-GLUE-00172] [javax.enterprise.web] [tid: _ThreadID=44 _ThreadName=admin-listener(3)] [timeMillis: 1556636782864] [levelValue: 800] [[
  Loading application [projetoCRUD] at [/projetoCRUD]]]

[2019-04-30T12:06:22.876-0300] [glassfish 5.0] [INFO] [] [javax.enterprise.system.core] [tid: _ThreadID=44 _ThreadName=admin-listener(3)] [timeMillis: 1556636782876] [levelValue: 800] [[
  projetoCRUD was successfully deployed in 277 milliseconds.]]

[2019-04-30T12:08:59.752-0300] [glassfish 5.0] [INFO] [] [javax.enterprise.system.tools.deployment.common] [tid: _ThreadID=46 _ThreadName=admin-listener(5)] [timeMillis: 1556636939752] [levelValue: 800] [[
  visiting unvisited references]]

[2019-04-30T12:08:59.774-0300] [glassfish 5.0] [INFO] [] [javax.enterprise.system.tools.deployment.common] [tid: _ThreadID=46 _ThreadName=admin-listener(5)] [timeMillis: 1556636939774] [levelValue: 800] [[
  visiting unvisited references]]

[2019-04-30T12:08:59.779-0300] [glassfish 5.0] [INFO] [] [javax.enterprise.system.tools.deployment.common] [tid: _ThreadID=46 _ThreadName=admin-listener(5)] [timeMillis: 1556636939779] [levelValue: 800] [[
  visiting unvisited references]]

[2019-04-30T12:08:59.780-0300] [glassfish 5.0] [INFO] [] [javax.enterprise.system.tools.deployment.common] [tid: _ThreadID=46 _ThreadName=admin-listener(5)] [timeMillis: 1556636939780] [levelValue: 800] [[
  visiting unvisited references]]

[2019-04-30T12:08:59.907-0300] [glassfish 5.0] [INFO] [AS-WEB-GLUE-00172] [javax.enterprise.web] [tid: _ThreadID=46 _ThreadName=admin-listener(5)] [timeMillis: 1556636939907] [levelValue: 800] [[
  Loading application [projetoCRUD] at [/projetoCRUD]]]

[2019-04-30T12:08:59.916-0300] [glassfish 5.0] [INFO] [] [javax.enterprise.system.core] [tid: _ThreadID=46 _ThreadName=admin-listener(5)] [timeMillis: 1556636939916] [levelValue: 800] [[
  projetoCRUD was successfully deployed in 290 milliseconds.]]

[2019-04-30T12:09:29.794-0300] [glassfish 5.0] [INFO] [] [javax.enterprise.system.tools.deployment.common] [tid: _ThreadID=42 _ThreadName=admin-listener(1)] [timeMillis: 1556636969794] [levelValue: 800] [[
  visiting unvisited references]]

[2019-04-30T12:09:29.814-0300] [glassfish 5.0] [INFO] [] [javax.enterprise.system.tools.deployment.common] [tid: _ThreadID=42 _ThreadName=admin-listener(1)] [timeMillis: 1556636969814] [levelValue: 800] [[
  visiting unvisited references]]

[2019-04-30T12:09:29.819-0300] [glassfish 5.0] [INFO] [] [javax.enterprise.system.tools.deployment.common] [tid: _ThreadID=42 _ThreadName=admin-listener(1)] [timeMillis: 1556636969819] [levelValue: 800] [[
  visiting unvisited references]]

[2019-04-30T12:09:29.819-0300] [glassfish 5.0] [INFO] [] [javax.enterprise.system.tools.deployment.common] [tid: _ThreadID=42 _ThreadName=admin-listener(1)] [timeMillis: 1556636969819] [levelValue: 800] [[
  visiting unvisited references]]

[2019-04-30T12:09:29.978-0300] [glassfish 5.0] [INFO] [AS-WEB-GLUE-00172] [javax.enterprise.web] [tid: _ThreadID=42 _ThreadName=admin-listener(1)] [timeMillis: 1556636969978] [levelValue: 800] [[
  Loading application [projetoCRUD] at [/projetoCRUD]]]

[2019-04-30T12:09:29.987-0300] [glassfish 5.0] [INFO] [] [javax.enterprise.system.core] [tid: _ThreadID=42 _ThreadName=admin-listener(1)] [timeMillis: 1556636969987] [levelValue: 800] [[
  projetoCRUD was successfully deployed in 303 milliseconds.]]

[2019-04-30T12:10:29.305-0300] [glassfish 5.0] [INFO] [] [javax.enterprise.system.tools.deployment.common] [tid: _ThreadID=44 _ThreadName=admin-listener(3)] [timeMillis: 1556637029305] [levelValue: 800] [[
  visiting unvisited references]]

[2019-04-30T12:10:29.324-0300] [glassfish 5.0] [INFO] [] [javax.enterprise.system.tools.deployment.common] [tid: _ThreadID=44 _ThreadName=admin-listener(3)] [timeMillis: 1556637029324] [levelValue: 800] [[
  visiting unvisited references]]

[2019-04-30T12:10:29.328-0300] [glassfish 5.0] [INFO] [] [javax.enterprise.system.tools.deployment.common] [tid: _ThreadID=44 _ThreadName=admin-listener(3)] [timeMillis: 1556637029328] [levelValue: 800] [[
  visiting unvisited references]]

[2019-04-30T12:10:29.329-0300] [glassfish 5.0] [INFO] [] [javax.enterprise.system.tools.deployment.common] [tid: _ThreadID=44 _ThreadName=admin-listener(3)] [timeMillis: 1556637029329] [levelValue: 800] [[
  visiting unvisited references]]

[2019-04-30T12:10:29.446-0300] [glassfish 5.0] [INFO] [AS-WEB-GLUE-00172] [javax.enterprise.web] [tid: _ThreadID=44 _ThreadName=admin-listener(3)] [timeMillis: 1556637029446] [levelValue: 800] [[
  Loading application [projetoCRUD] at [/projetoCRUD]]]

[2019-04-30T12:10:29.456-0300] [glassfish 5.0] [INFO] [] [javax.enterprise.system.core] [tid: _ThreadID=44 _ThreadName=admin-listener(3)] [timeMillis: 1556637029456] [levelValue: 800] [[
  projetoCRUD was successfully deployed in 264 milliseconds.]]

[2019-04-30T12:12:00.709-0300] [glassfish 5.0] [SEVERE] [] [org.apache.jasper.servlet.JspServlet] [tid: _ThreadID=94 _ThreadName=http-listener-1(3)] [timeMillis: 1556637120709] [levelValue: 1000] [[
  PWC6117: File "null" not found]]

